{
  "RSpec": {
    "coverage": {
      "/home/celebrated-routine-5520/tic-tac-toe-rb-online-web-sp-000/lib/tic_tac_toe.rb": [
        1,
        30,
        30,
        30,
        30,
        30,
        null,
        null,
        1,
        47548,
        null,
        null,
        1,
        29,
        null,
        null,
        1,
        0,
        null,
        null,
        1,
        47548,
        null,
        null,
        1,
        47555,
        47549,
        47545,
        47545,
        25,
        25,
        null,
        47520,
        null,
        null,
        null,
        null,
        1,
        12,
        12,
        35,
        35,
        null,
        null,
        null,
        1,
        47550,
        null,
        null,
        null,
        null,
        1,
        null,
        null,
        null,
        null,
        null,
        null,
        null,
        null,
        null,
        null,
        null,
        null,
        1,
        11,
        76,
        76,
        76,
        null,
        76,
        76,
        76,
        null,
        76,
        5,
        71,
        1,
        null,
        null,
        5,
        null,
        null,
        1,
        72,
        null,
        null,
        1,
        8,
        3,
        null,
        5,
        null,
        null,
        null,
        1,
        3,
        2,
        null,
        1,
        null,
        null,
        null,
        1,
        3,
        3,
        3,
        null,
        null,
        2,
        1,
        null,
        1,
        null,
        null,
        null
      ]
    },
    "timestamp": 1586823508
  }
}
